{"C:\\Users\\Daniel\\Documents\\trajecta\\src\\adapters\\in\\ingestion\\excel\\excel-adapter.ts": {"path":"C:\\Users\\Daniel\\Documents\\trajecta\\src\\adapters\\in\\ingestion\\excel\\excel-adapter.ts","all":false,"statementMap":{"0":{"start":{"line":1,"column":0},"end":{"line":1,"column":29}},"2":{"start":{"line":3,"column":0},"end":{"line":3,"column":67}},"3":{"start":{"line":4,"column":0},"end":{"line":4,"column":53}},"16":{"start":{"line":17,"column":0},"end":{"line":17,"column":38}},"17":{"start":{"line":18,"column":0},"end":{"line":18,"column":25}},"18":{"start":{"line":19,"column":0},"end":{"line":19,"column":31}},"19":{"start":{"line":20,"column":0},"end":{"line":20,"column":30}},"21":{"start":{"line":22,"column":0},"end":{"line":22,"column":7}},"22":{"start":{"line":23,"column":0},"end":{"line":23,"column":62}},"23":{"start":{"line":24,"column":0},"end":{"line":24,"column":50}},"25":{"start":{"line":26,"column":0},"end":{"line":26,"column":26}},"26":{"start":{"line":27,"column":0},"end":{"line":27,"column":14}},"27":{"start":{"line":28,"column":0},"end":{"line":28,"column":23}},"28":{"start":{"line":29,"column":0},"end":{"line":29,"column":25}},"29":{"start":{"line":30,"column":0},"end":{"line":30,"column":26}},"30":{"start":{"line":31,"column":0},"end":{"line":31,"column":72}},"31":{"start":{"line":32,"column":0},"end":{"line":32,"column":8}},"32":{"start":{"line":33,"column":0},"end":{"line":33,"column":5}},"34":{"start":{"line":35,"column":0},"end":{"line":35,"column":54}},"35":{"start":{"line":36,"column":0},"end":{"line":36,"column":77}},"37":{"start":{"line":38,"column":0},"end":{"line":38,"column":43}},"38":{"start":{"line":39,"column":0},"end":{"line":39,"column":14}},"39":{"start":{"line":40,"column":0},"end":{"line":40,"column":23}},"40":{"start":{"line":41,"column":0},"end":{"line":41,"column":25}},"41":{"start":{"line":42,"column":0},"end":{"line":42,"column":26}},"42":{"start":{"line":43,"column":0},"end":{"line":43,"column":57}},"43":{"start":{"line":44,"column":0},"end":{"line":44,"column":8}},"44":{"start":{"line":45,"column":0},"end":{"line":45,"column":5}},"47":{"start":{"line":48,"column":0},"end":{"line":48,"column":65}},"48":{"start":{"line":49,"column":0},"end":{"line":49,"column":35}},"49":{"start":{"line":50,"column":0},"end":{"line":50,"column":31}},"50":{"start":{"line":51,"column":0},"end":{"line":51,"column":98}},"51":{"start":{"line":52,"column":0},"end":{"line":52,"column":7}},"52":{"start":{"line":53,"column":0},"end":{"line":53,"column":6}},"54":{"start":{"line":55,"column":0},"end":{"line":55,"column":65}},"55":{"start":{"line":56,"column":0},"end":{"line":56,"column":27}},"57":{"start":{"line":58,"column":0},"end":{"line":58,"column":46}},"58":{"start":{"line":59,"column":0},"end":{"line":59,"column":29}},"59":{"start":{"line":60,"column":0},"end":{"line":60,"column":66}},"62":{"start":{"line":63,"column":0},"end":{"line":63,"column":64}},"63":{"start":{"line":64,"column":0},"end":{"line":64,"column":101}},"64":{"start":{"line":65,"column":0},"end":{"line":65,"column":70}},"65":{"start":{"line":66,"column":0},"end":{"line":66,"column":62}},"66":{"start":{"line":67,"column":0},"end":{"line":67,"column":73}},"67":{"start":{"line":68,"column":0},"end":{"line":68,"column":93}},"69":{"start":{"line":70,"column":0},"end":{"line":70,"column":70}},"70":{"start":{"line":71,"column":0},"end":{"line":71,"column":71}},"71":{"start":{"line":72,"column":0},"end":{"line":72,"column":17}},"72":{"start":{"line":73,"column":0},"end":{"line":73,"column":7}},"75":{"start":{"line":76,"column":0},"end":{"line":76,"column":116}},"76":{"start":{"line":77,"column":0},"end":{"line":77,"column":47}},"77":{"start":{"line":78,"column":0},"end":{"line":78,"column":73}},"78":{"start":{"line":79,"column":0},"end":{"line":79,"column":17}},"79":{"start":{"line":80,"column":0},"end":{"line":80,"column":7}},"81":{"start":{"line":82,"column":0},"end":{"line":82,"column":66}},"84":{"start":{"line":85,"column":0},"end":{"line":85,"column":64}},"85":{"start":{"line":86,"column":0},"end":{"line":86,"column":80}},"86":{"start":{"line":87,"column":0},"end":{"line":87,"column":32}},"87":{"start":{"line":88,"column":0},"end":{"line":88,"column":47}},"89":{"start":{"line":90,"column":0},"end":{"line":90,"column":78}},"90":{"start":{"line":91,"column":0},"end":{"line":91,"column":58}},"91":{"start":{"line":92,"column":0},"end":{"line":92,"column":7}},"93":{"start":{"line":94,"column":0},"end":{"line":94,"column":95}},"94":{"start":{"line":95,"column":0},"end":{"line":95,"column":37}},"95":{"start":{"line":96,"column":0},"end":{"line":96,"column":25}},"96":{"start":{"line":97,"column":0},"end":{"line":97,"column":17}},"97":{"start":{"line":98,"column":0},"end":{"line":98,"column":7}},"99":{"start":{"line":100,"column":0},"end":{"line":100,"column":33}},"100":{"start":{"line":101,"column":0},"end":{"line":101,"column":24}},"101":{"start":{"line":102,"column":0},"end":{"line":102,"column":87}},"102":{"start":{"line":103,"column":0},"end":{"line":103,"column":44}},"103":{"start":{"line":104,"column":0},"end":{"line":104,"column":22}},"104":{"start":{"line":105,"column":0},"end":{"line":105,"column":28}},"105":{"start":{"line":106,"column":0},"end":{"line":106,"column":35}},"106":{"start":{"line":107,"column":0},"end":{"line":107,"column":42}},"107":{"start":{"line":108,"column":0},"end":{"line":108,"column":9}},"108":{"start":{"line":109,"column":0},"end":{"line":109,"column":5}},"110":{"start":{"line":111,"column":0},"end":{"line":111,"column":42}},"111":{"start":{"line":112,"column":0},"end":{"line":112,"column":43}},"112":{"start":{"line":113,"column":0},"end":{"line":113,"column":78}},"113":{"start":{"line":114,"column":0},"end":{"line":114,"column":44}},"114":{"start":{"line":115,"column":0},"end":{"line":115,"column":25}},"115":{"start":{"line":116,"column":0},"end":{"line":116,"column":39}},"116":{"start":{"line":117,"column":0},"end":{"line":117,"column":43}},"117":{"start":{"line":118,"column":0},"end":{"line":118,"column":25}},"118":{"start":{"line":119,"column":0},"end":{"line":119,"column":37}},"119":{"start":{"line":120,"column":0},"end":{"line":120,"column":43}},"120":{"start":{"line":121,"column":0},"end":{"line":121,"column":29}},"121":{"start":{"line":122,"column":0},"end":{"line":122,"column":33}},"122":{"start":{"line":123,"column":0},"end":{"line":123,"column":100}},"123":{"start":{"line":124,"column":0},"end":{"line":124,"column":23}},"124":{"start":{"line":125,"column":0},"end":{"line":125,"column":23}},"125":{"start":{"line":126,"column":0},"end":{"line":126,"column":10}},"127":{"start":{"line":128,"column":0},"end":{"line":128,"column":58}},"128":{"start":{"line":129,"column":0},"end":{"line":129,"column":5}},"130":{"start":{"line":131,"column":0},"end":{"line":131,"column":12}},"131":{"start":{"line":132,"column":0},"end":{"line":132,"column":20}},"132":{"start":{"line":133,"column":0},"end":{"line":133,"column":49}},"133":{"start":{"line":134,"column":0},"end":{"line":134,"column":21}},"134":{"start":{"line":135,"column":0},"end":{"line":135,"column":13}},"135":{"start":{"line":136,"column":0},"end":{"line":136,"column":6}},"136":{"start":{"line":137,"column":0},"end":{"line":137,"column":26}},"137":{"start":{"line":138,"column":0},"end":{"line":138,"column":88}},"138":{"start":{"line":139,"column":0},"end":{"line":139,"column":12}},"139":{"start":{"line":140,"column":0},"end":{"line":140,"column":21}},"140":{"start":{"line":141,"column":0},"end":{"line":141,"column":23}},"141":{"start":{"line":142,"column":0},"end":{"line":142,"column":24}},"142":{"start":{"line":143,"column":0},"end":{"line":143,"column":20}},"143":{"start":{"line":144,"column":0},"end":{"line":144,"column":6}},"144":{"start":{"line":145,"column":0},"end":{"line":145,"column":3}},"145":{"start":{"line":146,"column":0},"end":{"line":146,"column":1}}},"s":{"0":1,"2":1,"3":1,"16":4,"17":4,"18":4,"19":4,"21":4,"22":4,"23":4,"25":4,"26":0,"27":0,"28":0,"29":0,"30":0,"31":0,"32":0,"34":4,"35":4,"37":4,"38":2,"39":2,"40":2,"41":2,"42":2,"43":2,"44":2,"47":2,"48":2,"49":2,"50":2,"51":2,"52":2,"54":2,"55":2,"57":4,"58":12,"59":12,"62":12,"63":12,"64":12,"65":12,"66":12,"67":12,"69":12,"70":4,"71":4,"72":4,"75":12,"76":12,"77":2,"78":2,"79":2,"81":6,"84":6,"85":12,"86":4,"87":12,"89":2,"90":2,"91":2,"93":6,"94":12,"95":3,"96":3,"97":3,"99":3,"100":3,"101":12,"102":12,"103":12,"104":12,"105":12,"106":12,"107":12,"108":12,"110":4,"111":1,"112":1,"113":3,"114":3,"115":3,"116":3,"117":3,"118":3,"119":3,"120":3,"121":3,"122":3,"123":3,"124":3,"125":1,"127":1,"128":1,"130":2,"131":2,"132":2,"133":2,"134":2,"135":2,"136":4,"137":0,"138":0,"139":0,"140":0,"141":0,"142":0,"143":0,"144":0,"145":4},"branchMap":{"0":{"type":"branch","line":17,"loc":{"start":{"line":17,"column":0},"end":{"line":146,"column":1}},"locations":[{"start":{"line":17,"column":0},"end":{"line":146,"column":1}}]},"1":{"type":"branch","line":26,"loc":{"start":{"line":26,"column":25},"end":{"line":33,"column":5}},"locations":[{"start":{"line":26,"column":25},"end":{"line":33,"column":5}}]},"2":{"type":"branch","line":38,"loc":{"start":{"line":38,"column":42},"end":{"line":58,"column":45}},"locations":[{"start":{"line":38,"column":42},"end":{"line":58,"column":45}}]},"3":{"type":"branch","line":58,"loc":{"start":{"line":58,"column":45},"end":{"line":109,"column":5}},"locations":[{"start":{"line":58,"column":45},"end":{"line":109,"column":5}}]},"4":{"type":"branch","line":63,"loc":{"start":{"line":63,"column":32},"end":{"line":63,"column":52}},"locations":[{"start":{"line":63,"column":32},"end":{"line":63,"column":52}}]},"5":{"type":"branch","line":63,"loc":{"start":{"line":63,"column":47},"end":{"line":63,"column":64}},"locations":[{"start":{"line":63,"column":47},"end":{"line":63,"column":64}}]},"6":{"type":"branch","line":64,"loc":{"start":{"line":64,"column":37},"end":{"line":64,"column":62}},"locations":[{"start":{"line":64,"column":37},"end":{"line":64,"column":62}}]},"7":{"type":"branch","line":64,"loc":{"start":{"line":64,"column":57},"end":{"line":64,"column":84}},"locations":[{"start":{"line":64,"column":57},"end":{"line":64,"column":84}}]},"8":{"type":"branch","line":64,"loc":{"start":{"line":64,"column":79},"end":{"line":64,"column":101}},"locations":[{"start":{"line":64,"column":79},"end":{"line":64,"column":101}}]},"9":{"type":"branch","line":65,"loc":{"start":{"line":65,"column":35},"end":{"line":65,"column":57}},"locations":[{"start":{"line":65,"column":35},"end":{"line":65,"column":57}}]},"10":{"type":"branch","line":65,"loc":{"start":{"line":65,"column":52},"end":{"line":65,"column":70}},"locations":[{"start":{"line":65,"column":52},"end":{"line":65,"column":70}}]},"11":{"type":"branch","line":66,"loc":{"start":{"line":66,"column":32},"end":{"line":66,"column":52}},"locations":[{"start":{"line":66,"column":32},"end":{"line":66,"column":52}}]},"12":{"type":"branch","line":66,"loc":{"start":{"line":66,"column":47},"end":{"line":66,"column":62}},"locations":[{"start":{"line":66,"column":47},"end":{"line":66,"column":62}}]},"13":{"type":"branch","line":67,"loc":{"start":{"line":67,"column":36},"end":{"line":67,"column":60}},"locations":[{"start":{"line":67,"column":36},"end":{"line":67,"column":60}}]},"14":{"type":"branch","line":67,"loc":{"start":{"line":67,"column":55},"end":{"line":67,"column":73}},"locations":[{"start":{"line":67,"column":55},"end":{"line":67,"column":73}}]},"15":{"type":"branch","line":68,"loc":{"start":{"line":68,"column":36},"end":{"line":68,"column":58}},"locations":[{"start":{"line":68,"column":36},"end":{"line":68,"column":58}}]},"16":{"type":"branch","line":68,"loc":{"start":{"line":68,"column":53},"end":{"line":68,"column":75}},"locations":[{"start":{"line":68,"column":53},"end":{"line":68,"column":75}}]},"17":{"type":"branch","line":68,"loc":{"start":{"line":68,"column":70},"end":{"line":68,"column":93}},"locations":[{"start":{"line":68,"column":70},"end":{"line":68,"column":93}}]},"18":{"type":"branch","line":70,"loc":{"start":{"line":70,"column":11},"end":{"line":70,"column":49}},"locations":[{"start":{"line":70,"column":11},"end":{"line":70,"column":49}}]},"19":{"type":"branch","line":70,"loc":{"start":{"line":70,"column":36},"end":{"line":70,"column":69}},"locations":[{"start":{"line":70,"column":36},"end":{"line":70,"column":69}}]},"20":{"type":"branch","line":70,"loc":{"start":{"line":70,"column":69},"end":{"line":73,"column":7}},"locations":[{"start":{"line":70,"column":69},"end":{"line":73,"column":7}}]},"21":{"type":"branch","line":73,"loc":{"start":{"line":73,"column":6},"end":{"line":76,"column":56}},"locations":[{"start":{"line":73,"column":6},"end":{"line":76,"column":56}}]},"22":{"type":"branch","line":76,"loc":{"start":{"line":76,"column":45},"end":{"line":76,"column":68}},"locations":[{"start":{"line":76,"column":45},"end":{"line":76,"column":68}}]},"23":{"type":"branch","line":76,"loc":{"start":{"line":76,"column":56},"end":{"line":76,"column":116}},"locations":[{"start":{"line":76,"column":56},"end":{"line":76,"column":116}}]},"24":{"type":"branch","line":77,"loc":{"start":{"line":77,"column":25},"end":{"line":77,"column":46}},"locations":[{"start":{"line":77,"column":25},"end":{"line":77,"column":46}}]},"25":{"type":"branch","line":77,"loc":{"start":{"line":77,"column":46},"end":{"line":80,"column":7}},"locations":[{"start":{"line":77,"column":46},"end":{"line":80,"column":7}}]},"26":{"type":"branch","line":80,"loc":{"start":{"line":80,"column":6},"end":{"line":86,"column":41}},"locations":[{"start":{"line":80,"column":6},"end":{"line":86,"column":41}}]},"27":{"type":"branch","line":86,"loc":{"start":{"line":86,"column":29},"end":{"line":86,"column":79}},"locations":[{"start":{"line":86,"column":29},"end":{"line":86,"column":79}}]},"28":{"type":"branch","line":86,"loc":{"start":{"line":86,"column":79},"end":{"line":88,"column":17}},"locations":[{"start":{"line":86,"column":79},"end":{"line":88,"column":17}}]},"29":{"type":"branch","line":88,"loc":{"start":{"line":88,"column":6},"end":{"line":92,"column":7}},"locations":[{"start":{"line":88,"column":6},"end":{"line":92,"column":7}}]},"30":{"type":"branch","line":92,"loc":{"start":{"line":92,"column":6},"end":{"line":95,"column":36}},"locations":[{"start":{"line":92,"column":6},"end":{"line":95,"column":36}}]},"31":{"type":"branch","line":95,"loc":{"start":{"line":95,"column":36},"end":{"line":102,"column":66}},"locations":[{"start":{"line":95,"column":36},"end":{"line":102,"column":66}}]},"32":{"type":"branch","line":102,"loc":{"start":{"line":102,"column":62},"end":{"line":102,"column":77}},"locations":[{"start":{"line":102,"column":62},"end":{"line":102,"column":77}}]},"33":{"type":"branch","line":102,"loc":{"start":{"line":102,"column":66},"end":{"line":102,"column":87}},"locations":[{"start":{"line":102,"column":66},"end":{"line":102,"column":87}}]},"34":{"type":"branch","line":109,"loc":{"start":{"line":109,"column":4},"end":{"line":111,"column":41}},"locations":[{"start":{"line":109,"column":4},"end":{"line":111,"column":41}}]},"35":{"type":"branch","line":111,"loc":{"start":{"line":111,"column":41},"end":{"line":129,"column":5}},"locations":[{"start":{"line":111,"column":41},"end":{"line":129,"column":5}}]},"36":{"type":"branch","line":129,"loc":{"start":{"line":129,"column":4},"end":{"line":137,"column":11}},"locations":[{"start":{"line":129,"column":4},"end":{"line":137,"column":11}}]},"37":{"type":"branch","line":137,"loc":{"start":{"line":137,"column":2},"end":{"line":145,"column":3}},"locations":[{"start":{"line":137,"column":2},"end":{"line":145,"column":3}}]},"38":{"type":"branch","line":51,"loc":{"start":{"line":51,"column":8},"end":{"line":51,"column":98}},"locations":[{"start":{"line":51,"column":8},"end":{"line":51,"column":98}}]},"39":{"type":"branch","line":51,"loc":{"start":{"line":51,"column":17},"end":{"line":51,"column":98}},"locations":[{"start":{"line":51,"column":17},"end":{"line":51,"column":98}}]},"40":{"type":"branch","line":113,"loc":{"start":{"line":113,"column":60},"end":{"line":126,"column":8}},"locations":[{"start":{"line":113,"column":60},"end":{"line":126,"column":8}}]}},"b":{"0":[4],"1":[0],"2":[2],"3":[12],"4":[4],"5":[2],"6":[6],"7":[6],"8":[4],"9":[6],"10":[4],"11":[10],"12":[10],"13":[10],"14":[6],"15":[10],"16":[8],"17":[8],"18":[10],"19":[8],"20":[4],"21":[8],"22":[6],"23":[2],"24":[8],"25":[2],"26":[6],"27":[4],"28":[4],"29":[2],"30":[6],"31":[3],"32":[1],"33":[2],"34":[2],"35":[1],"36":[2],"37":[0],"38":[3],"39":[0],"40":[3]},"fnMap":{"0":{"name":"importExcelFile","decl":{"start":{"line":17,"column":0},"end":{"line":146,"column":1}},"loc":{"start":{"line":17,"column":0},"end":{"line":146,"column":1}},"line":17}},"f":{"0":4}}
,"C:\\Users\\Daniel\\Documents\\trajecta\\src\\core\\domain\\schemas\\transaction.schema.ts": {"path":"C:\\Users\\Daniel\\Documents\\trajecta\\src\\core\\domain\\schemas\\transaction.schema.ts","all":false,"statementMap":{"0":{"start":{"line":1,"column":0},"end":{"line":1,"column":24}},"2":{"start":{"line":3,"column":0},"end":{"line":3,"column":49}},"3":{"start":{"line":4,"column":0},"end":{"line":4,"column":72}},"4":{"start":{"line":5,"column":0},"end":{"line":5,"column":76}},"5":{"start":{"line":6,"column":0},"end":{"line":6,"column":109}},"6":{"start":{"line":7,"column":0},"end":{"line":7,"column":89}},"7":{"start":{"line":8,"column":0},"end":{"line":8,"column":59}},"8":{"start":{"line":9,"column":0},"end":{"line":9,"column":75}},"9":{"start":{"line":10,"column":0},"end":{"line":10,"column":40}},"12":{"start":{"line":13,"column":0},"end":{"line":13,"column":44}},"13":{"start":{"line":14,"column":0},"end":{"line":14,"column":112}},"14":{"start":{"line":15,"column":0},"end":{"line":15,"column":21}},"15":{"start":{"line":16,"column":0},"end":{"line":16,"column":53}},"16":{"start":{"line":17,"column":0},"end":{"line":17,"column":17}},"17":{"start":{"line":18,"column":0},"end":{"line":18,"column":3}},"18":{"start":{"line":19,"column":0},"end":{"line":19,"column":14}},"19":{"start":{"line":20,"column":0},"end":{"line":20,"column":4}},"20":{"start":{"line":21,"column":0},"end":{"line":21,"column":86}},"21":{"start":{"line":22,"column":0},"end":{"line":22,"column":29}},"22":{"start":{"line":23,"column":0},"end":{"line":23,"column":3}}},"s":{"0":1,"2":1,"3":1,"4":1,"5":1,"6":1,"7":1,"8":1,"9":1,"12":1,"13":1,"14":1,"15":3,"16":1,"17":1,"18":2,"19":1,"20":1,"21":1,"22":1},"branchMap":{"0":{"type":"branch","line":15,"loc":{"start":{"line":15,"column":10},"end":{"line":20,"column":3}},"locations":[{"start":{"line":15,"column":10},"end":{"line":20,"column":3}}]},"1":{"type":"branch","line":16,"loc":{"start":{"line":16,"column":11},"end":{"line":16,"column":52}},"locations":[{"start":{"line":16,"column":11},"end":{"line":16,"column":52}}]},"2":{"type":"branch","line":16,"loc":{"start":{"line":16,"column":52},"end":{"line":18,"column":3}},"locations":[{"start":{"line":16,"column":52},"end":{"line":18,"column":3}}]},"3":{"type":"branch","line":18,"loc":{"start":{"line":18,"column":2},"end":{"line":20,"column":3}},"locations":[{"start":{"line":18,"column":2},"end":{"line":20,"column":3}}]}},"b":{"0":[3],"1":[1],"2":[1],"3":[2]},"fnMap":{"0":{"name":"__vite_ssr_import_0__.z.object.refine.message","decl":{"start":{"line":15,"column":10},"end":{"line":20,"column":3}},"loc":{"start":{"line":15,"column":10},"end":{"line":20,"column":3}},"line":15}},"f":{"0":3}}
,"C:\\Users\\Daniel\\Documents\\trajecta\\src\\core\\use-cases\\calculate-installments.use-case.ts": {"path":"C:\\Users\\Daniel\\Documents\\trajecta\\src\\core\\use-cases\\calculate-installments.use-case.ts","all":false,"statementMap":{"0":{"start":{"line":1,"column":0},"end":{"line":1,"column":55}},"21":{"start":{"line":22,"column":0},"end":{"line":22,"column":46}},"22":{"start":{"line":23,"column":0},"end":{"line":23,"column":37}},"23":{"start":{"line":24,"column":0},"end":{"line":24,"column":30}},"24":{"start":{"line":25,"column":0},"end":{"line":25,"column":70}},"26":{"start":{"line":27,"column":0},"end":{"line":27,"column":30}},"27":{"start":{"line":28,"column":0},"end":{"line":28,"column":66}},"28":{"start":{"line":29,"column":0},"end":{"line":29,"column":3}},"30":{"start":{"line":31,"column":0},"end":{"line":31,"column":32}},"31":{"start":{"line":32,"column":0},"end":{"line":32,"column":54}},"32":{"start":{"line":33,"column":0},"end":{"line":33,"column":3}},"35":{"start":{"line":36,"column":0},"end":{"line":36,"column":79}},"36":{"start":{"line":37,"column":0},"end":{"line":37,"column":84}},"38":{"start":{"line":39,"column":0},"end":{"line":39,"column":39}},"39":{"start":{"line":40,"column":0},"end":{"line":40,"column":49}},"41":{"start":{"line":42,"column":0},"end":{"line":42,"column":27}},"43":{"start":{"line":44,"column":0},"end":{"line":44,"column":48}},"44":{"start":{"line":45,"column":0},"end":{"line":45,"column":43}},"45":{"start":{"line":46,"column":0},"end":{"line":46,"column":35}},"46":{"start":{"line":47,"column":0},"end":{"line":47,"column":42}},"47":{"start":{"line":48,"column":0},"end":{"line":48,"column":26}},"49":{"start":{"line":50,"column":0},"end":{"line":50,"column":41}},"52":{"start":{"line":53,"column":0},"end":{"line":53,"column":50}},"53":{"start":{"line":54,"column":0},"end":{"line":54,"column":59}},"55":{"start":{"line":56,"column":0},"end":{"line":56,"column":19}},"56":{"start":{"line":57,"column":0},"end":{"line":57,"column":28}},"57":{"start":{"line":58,"column":0},"end":{"line":58,"column":24}},"58":{"start":{"line":59,"column":0},"end":{"line":59,"column":38}},"59":{"start":{"line":60,"column":0},"end":{"line":60,"column":26}},"60":{"start":{"line":61,"column":0},"end":{"line":61,"column":13}},"61":{"start":{"line":62,"column":0},"end":{"line":62,"column":58}},"62":{"start":{"line":63,"column":0},"end":{"line":63,"column":7}},"63":{"start":{"line":64,"column":0},"end":{"line":64,"column":3}},"66":{"start":{"line":67,"column":0},"end":{"line":67,"column":48}},"67":{"start":{"line":68,"column":0},"end":{"line":68,"column":20}},"68":{"start":{"line":69,"column":0},"end":{"line":69,"column":115}},"69":{"start":{"line":70,"column":0},"end":{"line":70,"column":6}},"70":{"start":{"line":71,"column":0},"end":{"line":71,"column":3}},"72":{"start":{"line":73,"column":0},"end":{"line":73,"column":18}},"73":{"start":{"line":74,"column":0},"end":{"line":74,"column":1}}},"s":{"0":1,"21":1,"22":6,"23":6,"24":6,"26":6,"27":1,"28":1,"30":6,"31":1,"32":1,"35":4,"36":4,"38":4,"39":4,"41":4,"43":6,"44":14,"45":14,"46":4,"47":10,"49":14,"52":14,"53":14,"55":14,"56":14,"57":14,"58":14,"59":14,"60":14,"61":14,"62":14,"63":14,"66":6,"67":0,"68":0,"69":0,"70":0,"72":4,"73":4},"branchMap":{"0":{"type":"branch","line":22,"loc":{"start":{"line":22,"column":7},"end":{"line":74,"column":1}},"locations":[{"start":{"line":22,"column":7},"end":{"line":74,"column":1}}]},"1":{"type":"branch","line":27,"loc":{"start":{"line":27,"column":29},"end":{"line":29,"column":3}},"locations":[{"start":{"line":27,"column":29},"end":{"line":29,"column":3}}]},"2":{"type":"branch","line":29,"loc":{"start":{"line":29,"column":2},"end":{"line":31,"column":31}},"locations":[{"start":{"line":29,"column":2},"end":{"line":31,"column":31}}]},"3":{"type":"branch","line":31,"loc":{"start":{"line":31,"column":31},"end":{"line":33,"column":3}},"locations":[{"start":{"line":31,"column":31},"end":{"line":33,"column":3}}]},"4":{"type":"branch","line":33,"loc":{"start":{"line":33,"column":2},"end":{"line":44,"column":47}},"locations":[{"start":{"line":33,"column":2},"end":{"line":44,"column":47}}]},"5":{"type":"branch","line":44,"loc":{"start":{"line":44,"column":47},"end":{"line":64,"column":3}},"locations":[{"start":{"line":44,"column":47},"end":{"line":64,"column":3}}]},"6":{"type":"branch","line":46,"loc":{"start":{"line":46,"column":29},"end":{"line":47,"column":42}},"locations":[{"start":{"line":46,"column":29},"end":{"line":47,"column":42}}]},"7":{"type":"branch","line":47,"loc":{"start":{"line":47,"column":28},"end":{"line":48,"column":26}},"locations":[{"start":{"line":47,"column":28},"end":{"line":48,"column":26}}]},"8":{"type":"branch","line":62,"loc":{"start":{"line":62,"column":30},"end":{"line":62,"column":56}},"locations":[{"start":{"line":62,"column":30},"end":{"line":62,"column":56}}]},"9":{"type":"branch","line":62,"loc":{"start":{"line":62,"column":39},"end":{"line":62,"column":58}},"locations":[{"start":{"line":62,"column":39},"end":{"line":62,"column":58}}]},"10":{"type":"branch","line":64,"loc":{"start":{"line":64,"column":2},"end":{"line":67,"column":47}},"locations":[{"start":{"line":64,"column":2},"end":{"line":67,"column":47}}]},"11":{"type":"branch","line":67,"loc":{"start":{"line":67,"column":47},"end":{"line":71,"column":3}},"locations":[{"start":{"line":67,"column":47},"end":{"line":71,"column":3}}]},"12":{"type":"branch","line":71,"loc":{"start":{"line":71,"column":2},"end":{"line":74,"column":1}},"locations":[{"start":{"line":71,"column":2},"end":{"line":74,"column":1}}]}},"b":{"0":[6],"1":[1],"2":[5],"3":[1],"4":[4],"5":[14],"6":[4],"7":[10],"8":[4],"9":[10],"10":[4],"11":[0],"12":[4]},"fnMap":{"0":{"name":"calculateInstallmentsSchedule","decl":{"start":{"line":22,"column":7},"end":{"line":74,"column":1}},"loc":{"start":{"line":22,"column":7},"end":{"line":74,"column":1}},"line":22}},"f":{"0":6}}
,"C:\\Users\\Daniel\\Documents\\trajecta\\src\\core\\use-cases\\calculate-total-cash.use-case.ts": {"path":"C:\\Users\\Daniel\\Documents\\trajecta\\src\\core\\use-cases\\calculate-total-cash.use-case.ts","all":false,"statementMap":{"18":{"start":{"line":19,"column":0},"end":{"line":19,"column":35}},"19":{"start":{"line":20,"column":0},"end":{"line":20,"column":32}},"20":{"start":{"line":21,"column":0},"end":{"line":21,"column":20}},"21":{"start":{"line":22,"column":0},"end":{"line":22,"column":9}},"22":{"start":{"line":23,"column":0},"end":{"line":23,"column":23}},"23":{"start":{"line":24,"column":0},"end":{"line":24,"column":27}},"24":{"start":{"line":25,"column":0},"end":{"line":25,"column":32}},"25":{"start":{"line":26,"column":0},"end":{"line":26,"column":12}},"28":{"start":{"line":29,"column":0},"end":{"line":29,"column":45}},"29":{"start":{"line":30,"column":0},"end":{"line":30,"column":37}},"30":{"start":{"line":31,"column":0},"end":{"line":31,"column":4}},"31":{"start":{"line":32,"column":0},"end":{"line":32,"column":60}},"32":{"start":{"line":33,"column":0},"end":{"line":33,"column":57}},"34":{"start":{"line":35,"column":0},"end":{"line":35,"column":32}},"35":{"start":{"line":36,"column":0},"end":{"line":36,"column":73}},"37":{"start":{"line":38,"column":0},"end":{"line":38,"column":10}},"38":{"start":{"line":39,"column":0},"end":{"line":39,"column":27}},"39":{"start":{"line":40,"column":0},"end":{"line":40,"column":28}},"40":{"start":{"line":41,"column":0},"end":{"line":41,"column":26}},"41":{"start":{"line":42,"column":0},"end":{"line":42,"column":23}},"42":{"start":{"line":43,"column":0},"end":{"line":43,"column":4}},"43":{"start":{"line":44,"column":0},"end":{"line":44,"column":1}},"48":{"start":{"line":49,"column":0},"end":{"line":49,"column":36}},"49":{"start":{"line":50,"column":0},"end":{"line":50,"column":31}},"50":{"start":{"line":51,"column":0},"end":{"line":51,"column":29}},"51":{"start":{"line":52,"column":0},"end":{"line":52,"column":25}},"52":{"start":{"line":53,"column":0},"end":{"line":53,"column":18}},"53":{"start":{"line":54,"column":0},"end":{"line":54,"column":6}},"54":{"start":{"line":55,"column":0},"end":{"line":55,"column":32}},"55":{"start":{"line":56,"column":0},"end":{"line":56,"column":30}},"56":{"start":{"line":57,"column":0},"end":{"line":57,"column":24}},"57":{"start":{"line":58,"column":0},"end":{"line":58,"column":5}},"58":{"start":{"line":59,"column":0},"end":{"line":59,"column":51}},"59":{"start":{"line":60,"column":0},"end":{"line":60,"column":3}},"61":{"start":{"line":62,"column":0},"end":{"line":62,"column":92}},"62":{"start":{"line":63,"column":0},"end":{"line":63,"column":41}},"63":{"start":{"line":64,"column":0},"end":{"line":64,"column":1}}},"s":{"18":1,"19":4,"20":4,"21":4,"22":4,"23":4,"24":4,"25":4,"28":4,"29":4,"30":4,"31":4,"32":4,"34":4,"35":4,"37":4,"38":4,"39":4,"40":4,"41":4,"42":4,"43":4,"48":1,"49":6,"50":6,"51":6,"52":6,"53":6,"54":6,"55":4,"56":3,"57":6,"58":4,"59":4,"61":2,"62":2,"63":2},"branchMap":{"0":{"type":"branch","line":19,"loc":{"start":{"line":19,"column":7},"end":{"line":44,"column":1}},"locations":[{"start":{"line":19,"column":7},"end":{"line":44,"column":1}}]},"1":{"type":"branch","line":49,"loc":{"start":{"line":49,"column":7},"end":{"line":64,"column":1}},"locations":[{"start":{"line":49,"column":7},"end":{"line":64,"column":1}}]},"2":{"type":"branch","line":55,"loc":{"start":{"line":55,"column":28},"end":{"line":56,"column":30}},"locations":[{"start":{"line":55,"column":28},"end":{"line":56,"column":30}}]},"3":{"type":"branch","line":56,"loc":{"start":{"line":56,"column":26},"end":{"line":57,"column":24}},"locations":[{"start":{"line":56,"column":26},"end":{"line":57,"column":24}}]},"4":{"type":"branch","line":58,"loc":{"start":{"line":58,"column":4},"end":{"line":60,"column":3}},"locations":[{"start":{"line":58,"column":4},"end":{"line":60,"column":3}}]},"5":{"type":"branch","line":60,"loc":{"start":{"line":60,"column":2},"end":{"line":64,"column":1}},"locations":[{"start":{"line":60,"column":2},"end":{"line":64,"column":1}}]}},"b":{"0":[4],"1":[6],"2":[4],"3":[3],"4":[4],"5":[2]},"fnMap":{"0":{"name":"calculateTotalCash","decl":{"start":{"line":19,"column":7},"end":{"line":44,"column":1}},"loc":{"start":{"line":19,"column":7},"end":{"line":44,"column":1}},"line":19},"1":{"name":"calculateSalaryCagr","decl":{"start":{"line":49,"column":7},"end":{"line":64,"column":1}},"loc":{"start":{"line":49,"column":7},"end":{"line":64,"column":1}},"line":49}},"f":{"0":4,"1":6}}
,"C:\\Users\\Daniel\\Documents\\trajecta\\src\\core\\use-cases\\calculate-weighted-average.use-case.ts": {"path":"C:\\Users\\Daniel\\Documents\\trajecta\\src\\core\\use-cases\\calculate-weighted-average.use-case.ts","all":false,"statementMap":{"18":{"start":{"line":19,"column":0},"end":{"line":19,"column":41}},"19":{"start":{"line":20,"column":0},"end":{"line":20,"column":29}},"20":{"start":{"line":21,"column":0},"end":{"line":21,"column":26}},"21":{"start":{"line":22,"column":0},"end":{"line":22,"column":9}},"22":{"start":{"line":23,"column":0},"end":{"line":23,"column":20}},"23":{"start":{"line":24,"column":0},"end":{"line":24,"column":31}},"24":{"start":{"line":25,"column":0},"end":{"line":25,"column":18}},"25":{"start":{"line":26,"column":0},"end":{"line":26,"column":22}},"26":{"start":{"line":27,"column":0},"end":{"line":27,"column":14}},"27":{"start":{"line":28,"column":0},"end":{"line":28,"column":12}},"29":{"start":{"line":30,"column":0},"end":{"line":30,"column":27}},"30":{"start":{"line":31,"column":0},"end":{"line":31,"column":70}},"31":{"start":{"line":32,"column":0},"end":{"line":32,"column":3}},"33":{"start":{"line":34,"column":0},"end":{"line":34,"column":28}},"34":{"start":{"line":35,"column":0},"end":{"line":35,"column":56}},"35":{"start":{"line":36,"column":0},"end":{"line":36,"column":75}},"36":{"start":{"line":37,"column":0},"end":{"line":37,"column":62}},"37":{"start":{"line":38,"column":0},"end":{"line":38,"column":62}},"39":{"start":{"line":40,"column":0},"end":{"line":40,"column":34}},"40":{"start":{"line":41,"column":0},"end":{"line":41,"column":68}},"42":{"start":{"line":43,"column":0},"end":{"line":43,"column":12}},"43":{"start":{"line":44,"column":0},"end":{"line":44,"column":18}},"44":{"start":{"line":45,"column":0},"end":{"line":45,"column":29}},"45":{"start":{"line":46,"column":0},"end":{"line":46,"column":42}},"46":{"start":{"line":47,"column":0},"end":{"line":47,"column":6}},"47":{"start":{"line":48,"column":0},"end":{"line":48,"column":10}},"49":{"start":{"line":50,"column":0},"end":{"line":50,"column":42}},"50":{"start":{"line":51,"column":0},"end":{"line":51,"column":22}},"51":{"start":{"line":52,"column":0},"end":{"line":52,"column":102}},"52":{"start":{"line":53,"column":0},"end":{"line":53,"column":8}},"53":{"start":{"line":54,"column":0},"end":{"line":54,"column":5}},"55":{"start":{"line":56,"column":0},"end":{"line":56,"column":56}},"56":{"start":{"line":57,"column":0},"end":{"line":57,"column":34}},"57":{"start":{"line":58,"column":0},"end":{"line":58,"column":55}},"58":{"start":{"line":59,"column":0},"end":{"line":59,"column":70}},"60":{"start":{"line":61,"column":0},"end":{"line":61,"column":12}},"61":{"start":{"line":62,"column":0},"end":{"line":62,"column":18}},"62":{"start":{"line":63,"column":0},"end":{"line":63,"column":29}},"63":{"start":{"line":64,"column":0},"end":{"line":64,"column":27}},"64":{"start":{"line":65,"column":0},"end":{"line":65,"column":6}},"65":{"start":{"line":66,"column":0},"end":{"line":66,"column":3}},"66":{"start":{"line":67,"column":0},"end":{"line":67,"column":1}}},"s":{"18":1,"19":4,"20":4,"21":4,"22":4,"23":4,"24":4,"25":4,"26":4,"27":4,"29":4,"30":0,"31":0,"33":4,"34":2,"35":2,"36":2,"37":2,"39":2,"40":2,"42":2,"43":2,"44":2,"45":2,"46":2,"47":2,"49":2,"50":1,"51":1,"52":1,"53":1,"55":1,"56":1,"57":2,"58":2,"60":2,"61":2,"62":2,"63":2,"64":2,"65":2,"66":4},"branchMap":{"0":{"type":"branch","line":19,"loc":{"start":{"line":19,"column":7},"end":{"line":67,"column":1}},"locations":[{"start":{"line":19,"column":7},"end":{"line":67,"column":1}}]},"1":{"type":"branch","line":30,"loc":{"start":{"line":30,"column":26},"end":{"line":32,"column":3}},"locations":[{"start":{"line":30,"column":26},"end":{"line":32,"column":3}}]},"2":{"type":"branch","line":34,"loc":{"start":{"line":34,"column":27},"end":{"line":66,"column":3}},"locations":[{"start":{"line":34,"column":27},"end":{"line":66,"column":3}}]},"3":{"type":"branch","line":41,"loc":{"start":{"line":41,"column":62},"end":{"line":41,"column":68}},"locations":[{"start":{"line":41,"column":62},"end":{"line":41,"column":68}}]},"4":{"type":"branch","line":50,"loc":{"start":{"line":50,"column":41},"end":{"line":58,"column":53}},"locations":[{"start":{"line":50,"column":41},"end":{"line":58,"column":53}}]},"5":{"type":"branch","line":58,"loc":{"start":{"line":58,"column":24},"end":{"line":58,"column":55}},"locations":[{"start":{"line":58,"column":24},"end":{"line":58,"column":55}}]}},"b":{"0":[4],"1":[0],"2":[2],"3":[0],"4":[1],"5":[0]},"fnMap":{"0":{"name":"calculateWeightedAverage","decl":{"start":{"line":19,"column":7},"end":{"line":67,"column":1}},"loc":{"start":{"line":19,"column":7},"end":{"line":67,"column":1}},"line":19}},"f":{"0":4}}
,"C:\\Users\\Daniel\\Documents\\trajecta\\src\\core\\use-cases\\net-worth-engine.use-case.ts": {"path":"C:\\Users\\Daniel\\Documents\\trajecta\\src\\core\\use-cases\\net-worth-engine.use-case.ts","all":false,"statementMap":{"17":{"start":{"line":18,"column":0},"end":{"line":18,"column":34}},"18":{"start":{"line":19,"column":0},"end":{"line":19,"column":33}},"19":{"start":{"line":20,"column":0},"end":{"line":20,"column":19}},"20":{"start":{"line":21,"column":0},"end":{"line":21,"column":9}},"21":{"start":{"line":22,"column":0},"end":{"line":22,"column":27}},"22":{"start":{"line":23,"column":0},"end":{"line":23,"column":31}},"23":{"start":{"line":24,"column":0},"end":{"line":24,"column":21}},"24":{"start":{"line":25,"column":0},"end":{"line":25,"column":30}},"25":{"start":{"line":26,"column":0},"end":{"line":26,"column":12}},"27":{"start":{"line":28,"column":0},"end":{"line":28,"column":28}},"28":{"start":{"line":29,"column":0},"end":{"line":29,"column":56}},"29":{"start":{"line":30,"column":0},"end":{"line":30,"column":33}},"30":{"start":{"line":31,"column":0},"end":{"line":31,"column":49}},"31":{"start":{"line":32,"column":0},"end":{"line":32,"column":30}},"32":{"start":{"line":33,"column":0},"end":{"line":33,"column":49}},"34":{"start":{"line":35,"column":0},"end":{"line":35,"column":10}},"35":{"start":{"line":36,"column":0},"end":{"line":36,"column":23}},"36":{"start":{"line":37,"column":0},"end":{"line":37,"column":28}},"37":{"start":{"line":38,"column":0},"end":{"line":38,"column":25}},"38":{"start":{"line":39,"column":0},"end":{"line":39,"column":4}},"39":{"start":{"line":40,"column":0},"end":{"line":40,"column":1}},"44":{"start":{"line":45,"column":0},"end":{"line":45,"column":37}},"45":{"start":{"line":46,"column":0},"end":{"line":46,"column":24}},"46":{"start":{"line":47,"column":0},"end":{"line":47,"column":25}},"47":{"start":{"line":48,"column":0},"end":{"line":48,"column":11}},"48":{"start":{"line":49,"column":0},"end":{"line":49,"column":27}},"49":{"start":{"line":50,"column":0},"end":{"line":50,"column":57}},"50":{"start":{"line":51,"column":0},"end":{"line":51,"column":3}},"52":{"start":{"line":53,"column":0},"end":{"line":53,"column":55}},"53":{"start":{"line":54,"column":0},"end":{"line":54,"column":52}},"54":{"start":{"line":55,"column":0},"end":{"line":55,"column":33}},"55":{"start":{"line":56,"column":0},"end":{"line":56,"column":1}}},"s":{"17":1,"18":4,"19":4,"20":4,"21":4,"22":4,"23":4,"24":4,"25":4,"27":4,"28":4,"29":4,"30":4,"31":4,"32":4,"34":4,"35":4,"36":4,"37":4,"38":4,"39":4,"44":1,"45":7,"46":7,"47":7,"48":7,"49":2,"50":2,"52":5,"53":5,"54":5,"55":5},"branchMap":{"0":{"type":"branch","line":18,"loc":{"start":{"line":18,"column":7},"end":{"line":40,"column":1}},"locations":[{"start":{"line":18,"column":7},"end":{"line":40,"column":1}}]},"1":{"type":"branch","line":45,"loc":{"start":{"line":45,"column":7},"end":{"line":56,"column":1}},"locations":[{"start":{"line":45,"column":7},"end":{"line":56,"column":1}}]},"2":{"type":"branch","line":49,"loc":{"start":{"line":49,"column":26},"end":{"line":51,"column":3}},"locations":[{"start":{"line":49,"column":26},"end":{"line":51,"column":3}}]},"3":{"type":"branch","line":51,"loc":{"start":{"line":51,"column":2},"end":{"line":56,"column":1}},"locations":[{"start":{"line":51,"column":2},"end":{"line":56,"column":1}}]}},"b":{"0":[4],"1":[7],"2":[2],"3":[5]},"fnMap":{"0":{"name":"calculateNetWorth","decl":{"start":{"line":18,"column":7},"end":{"line":40,"column":1}},"loc":{"start":{"line":18,"column":7},"end":{"line":40,"column":1}},"line":18},"1":{"name":"calculateSavingsRate","decl":{"start":{"line":45,"column":7},"end":{"line":56,"column":1}},"loc":{"start":{"line":45,"column":7},"end":{"line":56,"column":1}},"line":45}},"f":{"0":4,"1":7}}
,"C:\\Users\\Daniel\\Documents\\trajecta\\src\\core\\use-cases\\rebalance-portfolio.use-case.ts": {"path":"C:\\Users\\Daniel\\Documents\\trajecta\\src\\core\\use-cases\\rebalance-portfolio.use-case.ts","all":false,"statementMap":{"29":{"start":{"line":30,"column":0},"end":{"line":30,"column":44}},"30":{"start":{"line":31,"column":0},"end":{"line":31,"column":34}},"31":{"start":{"line":32,"column":0},"end":{"line":32,"column":32}},"32":{"start":{"line":33,"column":0},"end":{"line":33,"column":20}},"33":{"start":{"line":34,"column":0},"end":{"line":34,"column":35}},"34":{"start":{"line":35,"column":0},"end":{"line":35,"column":62}},"35":{"start":{"line":36,"column":0},"end":{"line":36,"column":3}},"37":{"start":{"line":38,"column":0},"end":{"line":38,"column":50}},"38":{"start":{"line":39,"column":0},"end":{"line":39,"column":50}},"39":{"start":{"line":40,"column":0},"end":{"line":40,"column":5}},"40":{"start":{"line":41,"column":0},"end":{"line":41,"column":4}},"42":{"start":{"line":43,"column":0},"end":{"line":43,"column":36}},"43":{"start":{"line":44,"column":0},"end":{"line":44,"column":54}},"46":{"start":{"line":47,"column":0},"end":{"line":47,"column":69}},"47":{"start":{"line":48,"column":0},"end":{"line":48,"column":84}},"48":{"start":{"line":49,"column":0},"end":{"line":49,"column":67}},"49":{"start":{"line":50,"column":0},"end":{"line":50,"column":93}},"50":{"start":{"line":51,"column":0},"end":{"line":51,"column":14}},"51":{"start":{"line":52,"column":0},"end":{"line":52,"column":33}},"52":{"start":{"line":53,"column":0},"end":{"line":53,"column":26}},"53":{"start":{"line":54,"column":0},"end":{"line":54,"column":39}},"54":{"start":{"line":55,"column":0},"end":{"line":55,"column":36}},"55":{"start":{"line":56,"column":0},"end":{"line":56,"column":42}},"56":{"start":{"line":57,"column":0},"end":{"line":57,"column":41}},"57":{"start":{"line":58,"column":0},"end":{"line":58,"column":90}},"58":{"start":{"line":59,"column":0},"end":{"line":59,"column":8}},"59":{"start":{"line":60,"column":0},"end":{"line":60,"column":7}},"61":{"start":{"line":62,"column":0},"end":{"line":62,"column":12}},"62":{"start":{"line":63,"column":0},"end":{"line":63,"column":34}},"63":{"start":{"line":64,"column":0},"end":{"line":64,"column":49}},"64":{"start":{"line":65,"column":0},"end":{"line":65,"column":33}},"65":{"start":{"line":66,"column":0},"end":{"line":66,"column":18}},"66":{"start":{"line":67,"column":0},"end":{"line":67,"column":6}},"67":{"start":{"line":68,"column":0},"end":{"line":68,"column":3}},"70":{"start":{"line":71,"column":0},"end":{"line":71,"column":42}},"71":{"start":{"line":72,"column":0},"end":{"line":72,"column":26}},"72":{"start":{"line":73,"column":0},"end":{"line":73,"column":34}},"73":{"start":{"line":74,"column":0},"end":{"line":74,"column":66}},"74":{"start":{"line":75,"column":0},"end":{"line":75,"column":12}},"75":{"start":{"line":76,"column":0},"end":{"line":76,"column":56}},"76":{"start":{"line":77,"column":0},"end":{"line":77,"column":12}},"77":{"start":{"line":78,"column":0},"end":{"line":78,"column":11}},"78":{"start":{"line":79,"column":0},"end":{"line":79,"column":56}},"79":{"start":{"line":80,"column":0},"end":{"line":80,"column":48}},"80":{"start":{"line":81,"column":0},"end":{"line":81,"column":6}},"81":{"start":{"line":82,"column":0},"end":{"line":82,"column":5}},"84":{"start":{"line":85,"column":0},"end":{"line":85,"column":69}},"85":{"start":{"line":86,"column":0},"end":{"line":86,"column":49}},"86":{"start":{"line":87,"column":0},"end":{"line":87,"column":41}},"87":{"start":{"line":88,"column":0},"end":{"line":88,"column":5}},"88":{"start":{"line":89,"column":0},"end":{"line":89,"column":4}},"90":{"start":{"line":91,"column":0},"end":{"line":91,"column":25}},"91":{"start":{"line":92,"column":0},"end":{"line":92,"column":69}},"92":{"start":{"line":93,"column":0},"end":{"line":93,"column":28}},"94":{"start":{"line":95,"column":0},"end":{"line":95,"column":81}},"96":{"start":{"line":97,"column":0},"end":{"line":97,"column":35}},"97":{"start":{"line":98,"column":0},"end":{"line":98,"column":66}},"98":{"start":{"line":99,"column":0},"end":{"line":99,"column":8}},"99":{"start":{"line":100,"column":0},"end":{"line":100,"column":40}},"100":{"start":{"line":101,"column":0},"end":{"line":101,"column":5}},"102":{"start":{"line":103,"column":0},"end":{"line":103,"column":67}},"103":{"start":{"line":104,"column":0},"end":{"line":104,"column":28}},"104":{"start":{"line":105,"column":0},"end":{"line":105,"column":36}},"105":{"start":{"line":106,"column":0},"end":{"line":106,"column":82}},"106":{"start":{"line":107,"column":0},"end":{"line":107,"column":12}},"108":{"start":{"line":109,"column":0},"end":{"line":109,"column":12}},"109":{"start":{"line":110,"column":0},"end":{"line":110,"column":31}},"110":{"start":{"line":111,"column":0},"end":{"line":111,"column":39}},"111":{"start":{"line":112,"column":0},"end":{"line":112,"column":37}},"112":{"start":{"line":113,"column":0},"end":{"line":113,"column":31}},"113":{"start":{"line":114,"column":0},"end":{"line":114,"column":46}},"114":{"start":{"line":115,"column":0},"end":{"line":115,"column":44}},"115":{"start":{"line":116,"column":0},"end":{"line":116,"column":23}},"116":{"start":{"line":117,"column":0},"end":{"line":117,"column":6}},"117":{"start":{"line":118,"column":0},"end":{"line":118,"column":5}},"119":{"start":{"line":120,"column":0},"end":{"line":120,"column":10}},"120":{"start":{"line":121,"column":0},"end":{"line":121,"column":29}},"121":{"start":{"line":122,"column":0},"end":{"line":122,"column":47}},"122":{"start":{"line":123,"column":0},"end":{"line":123,"column":31}},"123":{"start":{"line":124,"column":0},"end":{"line":124,"column":16}},"124":{"start":{"line":125,"column":0},"end":{"line":125,"column":4}},"125":{"start":{"line":126,"column":0},"end":{"line":126,"column":1}}},"s":{"29":1,"30":2,"31":2,"32":2,"33":2,"34":0,"35":0,"37":2,"38":2,"39":2,"40":2,"42":2,"43":2,"46":2,"47":1,"48":1,"49":2,"50":2,"51":2,"52":2,"53":2,"54":2,"55":2,"56":2,"57":2,"58":2,"59":1,"61":1,"62":1,"63":1,"64":1,"65":1,"66":1,"67":1,"70":1,"71":3,"72":3,"73":3,"74":0,"75":3,"76":3,"77":3,"78":3,"79":3,"80":3,"81":1,"84":1,"85":1,"86":1,"87":1,"88":1,"90":1,"91":1,"92":3,"94":3,"96":2,"97":2,"98":2,"99":2,"100":2,"102":3,"103":3,"104":3,"105":3,"106":0,"108":3,"109":3,"110":3,"111":3,"112":3,"113":3,"114":3,"115":3,"116":3,"117":1,"119":1,"120":1,"121":1,"122":1,"123":1,"124":1,"125":1},"branchMap":{"0":{"type":"branch","line":30,"loc":{"start":{"line":30,"column":7},"end":{"line":126,"column":1}},"locations":[{"start":{"line":30,"column":7},"end":{"line":126,"column":1}}]},"1":{"type":"branch","line":34,"loc":{"start":{"line":34,"column":34},"end":{"line":36,"column":3}},"locations":[{"start":{"line":34,"column":34},"end":{"line":36,"column":3}}]},"2":{"type":"branch","line":47,"loc":{"start":{"line":47,"column":35},"end":{"line":47,"column":68}},"locations":[{"start":{"line":47,"column":35},"end":{"line":47,"column":68}}]},"3":{"type":"branch","line":47,"loc":{"start":{"line":47,"column":68},"end":{"line":126,"column":1}},"locations":[{"start":{"line":47,"column":68},"end":{"line":126,"column":1}}]},"4":{"type":"branch","line":48,"loc":{"start":{"line":48,"column":75},"end":{"line":48,"column":84}},"locations":[{"start":{"line":48,"column":75},"end":{"line":48,"column":84}}]},"5":{"type":"branch","line":39,"loc":{"start":{"line":39,"column":4},"end":{"line":39,"column":50}},"locations":[{"start":{"line":39,"column":4},"end":{"line":39,"column":50}}]},"6":{"type":"branch","line":48,"loc":{"start":{"line":48,"column":39},"end":{"line":48,"column":74}},"locations":[{"start":{"line":48,"column":39},"end":{"line":48,"column":74}}]},"7":{"type":"branch","line":49,"loc":{"start":{"line":49,"column":59},"end":{"line":60,"column":5}},"locations":[{"start":{"line":49,"column":59},"end":{"line":60,"column":5}}]},"8":{"type":"branch","line":71,"loc":{"start":{"line":71,"column":34},"end":{"line":82,"column":3}},"locations":[{"start":{"line":71,"column":34},"end":{"line":82,"column":3}}]},"9":{"type":"branch","line":74,"loc":{"start":{"line":74,"column":63},"end":{"line":75,"column":12}},"locations":[{"start":{"line":74,"column":63},"end":{"line":75,"column":12}}]},"10":{"type":"branch","line":85,"loc":{"start":{"line":85,"column":44},"end":{"line":85,"column":67}},"locations":[{"start":{"line":85,"column":44},"end":{"line":85,"column":67}}]},"11":{"type":"branch","line":87,"loc":{"start":{"line":87,"column":4},"end":{"line":87,"column":41}},"locations":[{"start":{"line":87,"column":4},"end":{"line":87,"column":41}}]},"12":{"type":"branch","line":92,"loc":{"start":{"line":92,"column":61},"end":{"line":118,"column":3}},"locations":[{"start":{"line":92,"column":61},"end":{"line":118,"column":3}}]},"13":{"type":"branch","line":95,"loc":{"start":{"line":95,"column":23},"end":{"line":95,"column":52}},"locations":[{"start":{"line":95,"column":23},"end":{"line":95,"column":52}}]},"14":{"type":"branch","line":95,"loc":{"start":{"line":95,"column":47},"end":{"line":95,"column":80}},"locations":[{"start":{"line":95,"column":47},"end":{"line":95,"column":80}}]},"15":{"type":"branch","line":95,"loc":{"start":{"line":95,"column":80},"end":{"line":101,"column":5}},"locations":[{"start":{"line":95,"column":80},"end":{"line":101,"column":5}}]},"16":{"type":"branch","line":106,"loc":{"start":{"line":106,"column":81},"end":{"line":107,"column":12}},"locations":[{"start":{"line":106,"column":81},"end":{"line":107,"column":12}}]}},"b":{"0":[2],"1":[0],"2":[1],"3":[1],"4":[0],"5":[5],"6":[2],"7":[2],"8":[3],"9":[0],"10":[3],"11":[2],"12":[3],"13":[2],"14":[2],"15":[2],"16":[0]},"fnMap":{"0":{"name":"calculatePortfolioRebalance","decl":{"start":{"line":30,"column":7},"end":{"line":126,"column":1}},"loc":{"start":{"line":30,"column":7},"end":{"line":126,"column":1}},"line":30}},"f":{"0":2}}
,"C:\\Users\\Daniel\\Documents\\trajecta\\src\\shared\\utils\\currency.ts": {"path":"C:\\Users\\Daniel\\Documents\\trajecta\\src\\shared\\utils\\currency.ts","all":false,"statementMap":{"7":{"start":{"line":8,"column":0},"end":{"line":8,"column":99}},"8":{"start":{"line":9,"column":0},"end":{"line":9,"column":39}},"9":{"start":{"line":10,"column":0},"end":{"line":10,"column":43}},"10":{"start":{"line":11,"column":0},"end":{"line":11,"column":31}},"12":{"start":{"line":13,"column":0},"end":{"line":13,"column":51}},"13":{"start":{"line":14,"column":0},"end":{"line":14,"column":22}},"14":{"start":{"line":15,"column":0},"end":{"line":15,"column":20}},"15":{"start":{"line":16,"column":0},"end":{"line":16,"column":29}},"16":{"start":{"line":17,"column":0},"end":{"line":17,"column":29}},"17":{"start":{"line":18,"column":0},"end":{"line":18,"column":5}},"19":{"start":{"line":20,"column":0},"end":{"line":20,"column":19}},"20":{"start":{"line":21,"column":0},"end":{"line":21,"column":27}},"21":{"start":{"line":22,"column":0},"end":{"line":22,"column":3}},"23":{"start":{"line":24,"column":0},"end":{"line":24,"column":47}},"24":{"start":{"line":25,"column":0},"end":{"line":25,"column":27}},"25":{"start":{"line":26,"column":0},"end":{"line":26,"column":3}},"27":{"start":{"line":28,"column":0},"end":{"line":28,"column":19}},"28":{"start":{"line":29,"column":0},"end":{"line":29,"column":1}},"33":{"start":{"line":34,"column":0},"end":{"line":34,"column":65}},"34":{"start":{"line":35,"column":0},"end":{"line":35,"column":34}},"35":{"start":{"line":36,"column":0},"end":{"line":36,"column":35}},"36":{"start":{"line":37,"column":0},"end":{"line":37,"column":3}},"38":{"start":{"line":39,"column":0},"end":{"line":39,"column":32}},"39":{"start":{"line":40,"column":0},"end":{"line":40,"column":13}},"40":{"start":{"line":41,"column":0},"end":{"line":41,"column":3}},"42":{"start":{"line":43,"column":0},"end":{"line":43,"column":50}},"45":{"start":{"line":46,"column":0},"end":{"line":46,"column":26}},"46":{"start":{"line":47,"column":0},"end":{"line":47,"column":51}},"47":{"start":{"line":48,"column":0},"end":{"line":48,"column":51}},"49":{"start":{"line":50,"column":0},"end":{"line":50,"column":33}},"50":{"start":{"line":51,"column":0},"end":{"line":51,"column":3}},"53":{"start":{"line":54,"column":0},"end":{"line":54,"column":33}},"54":{"start":{"line":55,"column":0},"end":{"line":55,"column":22}},"55":{"start":{"line":56,"column":0},"end":{"line":56,"column":13}},"56":{"start":{"line":57,"column":0},"end":{"line":57,"column":3}},"58":{"start":{"line":59,"column":0},"end":{"line":59,"column":34}},"59":{"start":{"line":60,"column":0},"end":{"line":60,"column":1}}},"s":{"7":1,"8":246,"9":246,"10":246,"12":246,"13":246,"14":246,"15":246,"16":246,"17":246,"19":246,"20":71,"21":71,"23":246,"24":25,"25":25,"27":150,"28":150,"33":1,"34":6,"35":1,"36":1,"38":6,"39":1,"40":1,"42":4,"45":6,"46":2,"47":2,"49":0,"50":0,"53":4,"54":6,"55":1,"56":1,"58":3,"59":3},"branchMap":{"0":{"type":"branch","line":8,"loc":{"start":{"line":8,"column":7},"end":{"line":29,"column":1}},"locations":[{"start":{"line":8,"column":7},"end":{"line":29,"column":1}}]},"1":{"type":"branch","line":20,"loc":{"start":{"line":20,"column":18},"end":{"line":22,"column":3}},"locations":[{"start":{"line":20,"column":18},"end":{"line":22,"column":3}}]},"2":{"type":"branch","line":22,"loc":{"start":{"line":22,"column":2},"end":{"line":24,"column":15}},"locations":[{"start":{"line":22,"column":2},"end":{"line":24,"column":15}}]},"3":{"type":"branch","line":24,"loc":{"start":{"line":24,"column":6},"end":{"line":24,"column":27}},"locations":[{"start":{"line":24,"column":6},"end":{"line":24,"column":27}}]},"4":{"type":"branch","line":24,"loc":{"start":{"line":24,"column":15},"end":{"line":24,"column":46}},"locations":[{"start":{"line":24,"column":15},"end":{"line":24,"column":46}}]},"5":{"type":"branch","line":24,"loc":{"start":{"line":24,"column":46},"end":{"line":29,"column":1}},"locations":[{"start":{"line":24,"column":46},"end":{"line":29,"column":1}}]},"6":{"type":"branch","line":24,"loc":{"start":{"line":24,"column":46},"end":{"line":26,"column":3}},"locations":[{"start":{"line":24,"column":46},"end":{"line":26,"column":3}}]},"7":{"type":"branch","line":26,"loc":{"start":{"line":26,"column":2},"end":{"line":29,"column":1}},"locations":[{"start":{"line":26,"column":2},"end":{"line":29,"column":1}}]},"8":{"type":"branch","line":34,"loc":{"start":{"line":34,"column":7},"end":{"line":60,"column":1}},"locations":[{"start":{"line":34,"column":7},"end":{"line":60,"column":1}}]},"9":{"type":"branch","line":35,"loc":{"start":{"line":35,"column":33},"end":{"line":37,"column":3}},"locations":[{"start":{"line":35,"column":33},"end":{"line":37,"column":3}}]},"10":{"type":"branch","line":37,"loc":{"start":{"line":37,"column":2},"end":{"line":39,"column":16}},"locations":[{"start":{"line":37,"column":2},"end":{"line":39,"column":16}}]},"11":{"type":"branch","line":39,"loc":{"start":{"line":39,"column":7},"end":{"line":39,"column":31}},"locations":[{"start":{"line":39,"column":7},"end":{"line":39,"column":31}}]},"12":{"type":"branch","line":39,"loc":{"start":{"line":39,"column":31},"end":{"line":41,"column":3}},"locations":[{"start":{"line":39,"column":31},"end":{"line":41,"column":3}}]},"13":{"type":"branch","line":41,"loc":{"start":{"line":41,"column":2},"end":{"line":46,"column":25}},"locations":[{"start":{"line":41,"column":2},"end":{"line":46,"column":25}}]},"14":{"type":"branch","line":46,"loc":{"start":{"line":46,"column":25},"end":{"line":51,"column":3}},"locations":[{"start":{"line":46,"column":25},"end":{"line":51,"column":3}}]},"15":{"type":"branch","line":48,"loc":{"start":{"line":48,"column":29},"end":{"line":48,"column":38}},"locations":[{"start":{"line":48,"column":29},"end":{"line":48,"column":38}}]},"16":{"type":"branch","line":48,"loc":{"start":{"line":48,"column":50},"end":{"line":51,"column":3}},"locations":[{"start":{"line":48,"column":50},"end":{"line":51,"column":3}}]},"17":{"type":"branch","line":51,"loc":{"start":{"line":51,"column":2},"end":{"line":55,"column":21}},"locations":[{"start":{"line":51,"column":2},"end":{"line":55,"column":21}}]},"18":{"type":"branch","line":55,"loc":{"start":{"line":55,"column":21},"end":{"line":57,"column":3}},"locations":[{"start":{"line":55,"column":21},"end":{"line":57,"column":3}}]},"19":{"type":"branch","line":57,"loc":{"start":{"line":57,"column":2},"end":{"line":60,"column":1}},"locations":[{"start":{"line":57,"column":2},"end":{"line":60,"column":1}}]}},"b":{"0":[246],"1":[71],"2":[175],"3":[38],"4":[38],"5":[244],"6":[25],"7":[150],"8":[6],"9":[1],"10":[5],"11":[4],"12":[1],"13":[4],"14":[2],"15":[1],"16":[0],"17":[4],"18":[1],"19":[3]},"fnMap":{"0":{"name":"formatCentsToBrl","decl":{"start":{"line":8,"column":7},"end":{"line":29,"column":1}},"loc":{"start":{"line":8,"column":7},"end":{"line":29,"column":1}},"line":8},"1":{"name":"parseBrlToCents","decl":{"start":{"line":34,"column":7},"end":{"line":60,"column":1}},"loc":{"start":{"line":34,"column":7},"end":{"line":60,"column":1}},"line":34}},"f":{"0":246,"1":6}}
,"C:\\Users\\Daniel\\Documents\\trajecta\\src\\shared\\utils\\hash.ts": {"path":"C:\\Users\\Daniel\\Documents\\trajecta\\src\\shared\\utils\\hash.ts","all":false,"statementMap":{"4":{"start":{"line":5,"column":0},"end":{"line":5,"column":45}},"5":{"start":{"line":6,"column":0},"end":{"line":6,"column":15}},"6":{"start":{"line":7,"column":0},"end":{"line":7,"column":24}},"7":{"start":{"line":8,"column":0},"end":{"line":8,"column":21}},"8":{"start":{"line":9,"column":0},"end":{"line":9,"column":11}},"9":{"start":{"line":10,"column":0},"end":{"line":10,"column":79}},"10":{"start":{"line":11,"column":0},"end":{"line":11,"column":59}},"13":{"start":{"line":14,"column":0},"end":{"line":14,"column":24}},"14":{"start":{"line":15,"column":0},"end":{"line":15,"column":40}},"15":{"start":{"line":16,"column":0},"end":{"line":16,"column":30}},"16":{"start":{"line":17,"column":0},"end":{"line":17,"column":37}},"17":{"start":{"line":18,"column":0},"end":{"line":18,"column":3}},"18":{"start":{"line":19,"column":0},"end":{"line":19,"column":52}},"19":{"start":{"line":20,"column":0},"end":{"line":20,"column":1}}},"s":{"4":1,"5":9,"6":9,"7":9,"8":9,"9":9,"10":9,"13":9,"14":9,"15":300,"16":300,"17":300,"18":9,"19":9},"branchMap":{"0":{"type":"branch","line":5,"loc":{"start":{"line":5,"column":7},"end":{"line":20,"column":1}},"locations":[{"start":{"line":5,"column":7},"end":{"line":20,"column":1}}]},"1":{"type":"branch","line":15,"loc":{"start":{"line":15,"column":39},"end":{"line":18,"column":3}},"locations":[{"start":{"line":15,"column":39},"end":{"line":18,"column":3}}]}},"b":{"0":[9],"1":[300]},"fnMap":{"0":{"name":"generateTransactionDedupHash","decl":{"start":{"line":5,"column":7},"end":{"line":20,"column":1}},"loc":{"start":{"line":5,"column":7},"end":{"line":20,"column":1}},"line":5}},"f":{"0":9}}
}
